This file contains any messages produced by compilers while
running configure, to aid debugging if configure makes a mistake.

It was created by vixie-cron configure 4.3, which was
generated by GNU Autoconf 2.61.  Invocation command line was

  $ ./configure 

## --------- ##
## Platform. ##
## --------- ##

hostname = caladan.englab.brq.redhat.com
uname -m = i686
uname -r = 2.6.23.9-85.fc8
uname -s = Linux
uname -v = #1 SMP Fri Dec 7 15:49:59 EST 2007

/usr/bin/uname -p = unknown
/bin/uname -X     = unknown

/bin/arch              = i686
/usr/bin/arch -k       = unknown
/usr/convex/getsysinfo = unknown
/usr/bin/hostinfo      = unknown
/bin/machine           = unknown
/usr/bin/oslevel       = unknown
/bin/universe          = unknown

PATH: /usr/lib/qt-3.3/bin
PATH: /usr/kerberos/bin
PATH: /usr/local/bin
PATH: /usr/bin
PATH: /bin
PATH: /usr/bin
PATH: /usr/games
PATH: /home/marca/bin


## ----------- ##
## Core tests. ##
## ----------- ##

configure:1812: checking for a BSD-compatible install
configure:1868: result: /usr/bin/install -c
configure:1879: checking whether build environment is sane
configure:1922: result: yes
configure:1950: checking for a thread-safe mkdir -p
configure:1989: result: /bin/mkdir -p
configure:2002: checking for gawk
configure:2018: found /usr/bin/gawk
configure:2029: result: gawk
configure:2040: checking whether make sets $(MAKE)
configure:2061: result: yes
configure:2256: checking build system type
configure:2274: result: i686-pc-linux-gnu
configure:2296: checking host system type
configure:2311: result: i686-pc-linux-gnu
configure:2383: checking for gcc
configure:2399: found /usr/bin/gcc
configure:2410: result: gcc
configure:2648: checking for C compiler version
configure:2655: gcc --version >&5
gcc (GCC) 4.1.2 20070925 (Red Hat 4.1.2-33)
Copyright (C) 2006 Free Software Foundation, Inc.
This is free software; see the source for copying conditions.  There is NO
warranty; not even for MERCHANTABILITY or FITNESS FOR A PARTICULAR PURPOSE.

configure:2658: $? = 0
configure:2665: gcc -v >&5
Using built-in specs.
Target: i386-redhat-linux
Configured with: ../configure --prefix=/usr --mandir=/usr/share/man --infodir=/usr/share/info --enable-shared --enable-threads=posix --enable-checking=release --with-system-zlib --enable-__cxa_atexit --disable-libunwind-exceptions --enable-languages=c,c++,objc,obj-c++,java,fortran,ada --enable-java-awt=gtk --disable-dssi --enable-plugin --with-java-home=/usr/lib/jvm/java-1.5.0-gcj-1.5.0.0/jre --enable-libgcj-multifile --enable-java-maintainer-mode --with-ecj-jar=/usr/share/java/eclipse-ecj.jar --with-cpu=generic --host=i386-redhat-linux
Thread model: posix
gcc version 4.1.2 20070925 (Red Hat 4.1.2-33)
configure:2668: $? = 0
configure:2675: gcc -V >&5
gcc: '-V' option must have argument
configure:2678: $? = 1
configure:2701: checking for C compiler default output file name
configure:2728: gcc    conftest.c  >&5
configure:2731: $? = 0
configure:2769: result: a.out
configure:2786: checking whether the C compiler works
configure:2796: ./a.out
configure:2799: $? = 0
configure:2816: result: yes
configure:2823: checking whether we are cross compiling
configure:2825: result: no
configure:2828: checking for suffix of executables
configure:2835: gcc -o conftest    conftest.c  >&5
configure:2838: $? = 0
configure:2862: result: 
configure:2868: checking for suffix of object files
configure:2894: gcc -c   conftest.c >&5
configure:2897: $? = 0
configure:2920: result: o
configure:2924: checking whether we are using the GNU C compiler
configure:2953: gcc -c   conftest.c >&5
configure:2959: $? = 0
configure:2976: result: yes
configure:2981: checking whether gcc accepts -g
configure:3011: gcc -c -g  conftest.c >&5
configure:3017: $? = 0
configure:3116: result: yes
configure:3133: checking for gcc option to accept ISO C89
configure:3207: gcc  -c -g -O2  conftest.c >&5
configure:3213: $? = 0
configure:3236: result: none needed
configure:3265: checking for style of include used by make
configure:3293: result: GNU
configure:3318: checking dependency style of gcc
configure:3409: result: gcc3
configure:3437: checking for a BSD-compatible install
configure:3493: result: /usr/bin/install -c
configure:3504: checking whether ln -s works
configure:3508: result: yes
configure:3516: checking HP-UX -Aa
configure:3528: result: no
configure:3532: checking Trying to compile a trivial ANSI C program
configure:3554: gcc -o conftest -g -O2   conftest.c  >&5
configure:3557: $? = 0
configure:3563: ./conftest
configure:3566: $? = 0
configure:3568: result: yes
configure:3592: checking how to run the C preprocessor
configure:3632: gcc -E  conftest.c
configure:3638: $? = 0
configure:3669: gcc -E  conftest.c
conftest.c:10:28: error: ac_nonexistent.h: No such file or directory
configure:3675: $? = 1
configure: failed program was:
| /* confdefs.h.  */
| #define PACKAGE_NAME "vixie-cron"
| #define PACKAGE_TARNAME "vixie-cron"
| #define PACKAGE_VERSION "4.3"
| #define PACKAGE_STRING "vixie-cron 4.3"
| #define PACKAGE_BUGREPORT "mmaslano@redhat.com"
| #define PACKAGE "vixie-cron"
| #define VERSION "4.3"
| /* end confdefs.h.  */
| #include <ac_nonexistent.h>
configure:3708: result: gcc -E
configure:3737: gcc -E  conftest.c
configure:3743: $? = 0
configure:3774: gcc -E  conftest.c
conftest.c:10:28: error: ac_nonexistent.h: No such file or directory
configure:3780: $? = 1
configure: failed program was:
| /* confdefs.h.  */
| #define PACKAGE_NAME "vixie-cron"
| #define PACKAGE_TARNAME "vixie-cron"
| #define PACKAGE_VERSION "4.3"
| #define PACKAGE_STRING "vixie-cron 4.3"
| #define PACKAGE_BUGREPORT "mmaslano@redhat.com"
| #define PACKAGE "vixie-cron"
| #define VERSION "4.3"
| /* end confdefs.h.  */
| #include <ac_nonexistent.h>
configure:3818: checking for grep that handles long lines and -e
configure:3892: result: /bin/grep
configure:3897: checking for egrep
configure:3975: result: /bin/grep -E
configure:3980: checking for ANSI C header files
configure:4010: gcc -c -g -O2  conftest.c >&5
configure:4016: $? = 0
configure:4115: gcc -o conftest -g -O2   conftest.c  >&5
configure:4118: $? = 0
configure:4124: ./conftest
configure:4127: $? = 0
configure:4144: result: yes
configure:4168: checking for sys/types.h
configure:4189: gcc -c -g -O2  conftest.c >&5
configure:4195: $? = 0
configure:4211: result: yes
configure:4168: checking for sys/stat.h
configure:4189: gcc -c -g -O2  conftest.c >&5
configure:4195: $? = 0
configure:4211: result: yes
configure:4168: checking for stdlib.h
configure:4189: gcc -c -g -O2  conftest.c >&5
configure:4195: $? = 0
configure:4211: result: yes
configure:4168: checking for string.h
configure:4189: gcc -c -g -O2  conftest.c >&5
configure:4195: $? = 0
configure:4211: result: yes
configure:4168: checking for memory.h
configure:4189: gcc -c -g -O2  conftest.c >&5
configure:4195: $? = 0
configure:4211: result: yes
configure:4168: checking for strings.h
configure:4189: gcc -c -g -O2  conftest.c >&5
configure:4195: $? = 0
configure:4211: result: yes
configure:4168: checking for inttypes.h
configure:4189: gcc -c -g -O2  conftest.c >&5
configure:4195: $? = 0
configure:4211: result: yes
configure:4168: checking for stdint.h
configure:4189: gcc -c -g -O2  conftest.c >&5
configure:4195: $? = 0
configure:4211: result: yes
configure:4168: checking for unistd.h
configure:4189: gcc -c -g -O2  conftest.c >&5
configure:4195: $? = 0
configure:4211: result: yes
configure:4284: checking dirent.h usability
configure:4301: gcc -c -g -O2  conftest.c >&5
configure:4307: $? = 0
configure:4321: result: yes
configure:4325: checking dirent.h presence
configure:4340: gcc -E  conftest.c
configure:4346: $? = 0
configure:4360: result: yes
configure:4393: checking for dirent.h
configure:4401: result: yes
configure:4284: checking fcntl.h usability
configure:4301: gcc -c -g -O2  conftest.c >&5
configure:4307: $? = 0
configure:4321: result: yes
configure:4325: checking fcntl.h presence
configure:4340: gcc -E  conftest.c
configure:4346: $? = 0
configure:4360: result: yes
configure:4393: checking for fcntl.h
configure:4401: result: yes
configure:4284: checking getopt.h usability
configure:4301: gcc -c -g -O2  conftest.c >&5
configure:4307: $? = 0
configure:4321: result: yes
configure:4325: checking getopt.h presence
configure:4340: gcc -E  conftest.c
configure:4346: $? = 0
configure:4360: result: yes
configure:4393: checking for getopt.h
configure:4401: result: yes
configure:4284: checking glob.h usability
configure:4301: gcc -c -g -O2  conftest.c >&5
configure:4307: $? = 0
configure:4321: result: yes
configure:4325: checking glob.h presence
configure:4340: gcc -E  conftest.c
configure:4346: $? = 0
configure:4360: result: yes
configure:4393: checking for glob.h
configure:4401: result: yes
configure:4284: checking limits.h usability
configure:4301: gcc -c -g -O2  conftest.c >&5
configure:4307: $? = 0
configure:4321: result: yes
configure:4325: checking limits.h presence
configure:4340: gcc -E  conftest.c
configure:4346: $? = 0
configure:4360: result: yes
configure:4393: checking for limits.h
configure:4401: result: yes
configure:4284: checking pam/pam_appl.h usability
configure:4301: gcc -c -g -O2  conftest.c >&5
conftest.c:58:26: error: pam/pam_appl.h: No such file or directory
configure:4307: $? = 1
configure: failed program was:
| /* confdefs.h.  */
| #define PACKAGE_NAME "vixie-cron"
| #define PACKAGE_TARNAME "vixie-cron"
| #define PACKAGE_VERSION "4.3"
| #define PACKAGE_STRING "vixie-cron 4.3"
| #define PACKAGE_BUGREPORT "mmaslano@redhat.com"
| #define PACKAGE "vixie-cron"
| #define VERSION "4.3"
| #define STDC_HEADERS 1
| #define HAVE_SYS_TYPES_H 1
| #define HAVE_SYS_STAT_H 1
| #define HAVE_STDLIB_H 1
| #define HAVE_STRING_H 1
| #define HAVE_MEMORY_H 1
| #define HAVE_STRINGS_H 1
| #define HAVE_INTTYPES_H 1
| #define HAVE_STDINT_H 1
| #define HAVE_UNISTD_H 1
| #define HAVE_DIRENT_H 1
| #define HAVE_FCNTL_H 1
| #define HAVE_GETOPT_H 1
| #define HAVE_GLOB_H 1
| #define HAVE_LIMITS_H 1
| /* end confdefs.h.  */
| #include <stdio.h>
| #ifdef HAVE_SYS_TYPES_H
| # include <sys/types.h>
| #endif
| #ifdef HAVE_SYS_STAT_H
| # include <sys/stat.h>
| #endif
| #ifdef STDC_HEADERS
| # include <stdlib.h>
| # include <stddef.h>
| #else
| # ifdef HAVE_STDLIB_H
| #  include <stdlib.h>
| # endif
| #endif
| #ifdef HAVE_STRING_H
| # if !defined STDC_HEADERS && defined HAVE_MEMORY_H
| #  include <memory.h>
| # endif
| # include <string.h>
| #endif
| #ifdef HAVE_STRINGS_H
| # include <strings.h>
| #endif
| #ifdef HAVE_INTTYPES_H
| # include <inttypes.h>
| #endif
| #ifdef HAVE_STDINT_H
| # include <stdint.h>
| #endif
| #ifdef HAVE_UNISTD_H
| # include <unistd.h>
| #endif
| #include <pam/pam_appl.h>
configure:4321: result: no
configure:4325: checking pam/pam_appl.h presence
configure:4340: gcc -E  conftest.c
conftest.c:25:26: error: pam/pam_appl.h: No such file or directory
configure:4346: $? = 1
configure: failed program was:
| /* confdefs.h.  */
| #define PACKAGE_NAME "vixie-cron"
| #define PACKAGE_TARNAME "vixie-cron"
| #define PACKAGE_VERSION "4.3"
| #define PACKAGE_STRING "vixie-cron 4.3"
| #define PACKAGE_BUGREPORT "mmaslano@redhat.com"
| #define PACKAGE "vixie-cron"
| #define VERSION "4.3"
| #define STDC_HEADERS 1
| #define HAVE_SYS_TYPES_H 1
| #define HAVE_SYS_STAT_H 1
| #define HAVE_STDLIB_H 1
| #define HAVE_STRING_H 1
| #define HAVE_MEMORY_H 1
| #define HAVE_STRINGS_H 1
| #define HAVE_INTTYPES_H 1
| #define HAVE_STDINT_H 1
| #define HAVE_UNISTD_H 1
| #define HAVE_DIRENT_H 1
| #define HAVE_FCNTL_H 1
| #define HAVE_GETOPT_H 1
| #define HAVE_GLOB_H 1
| #define HAVE_LIMITS_H 1
| /* end confdefs.h.  */
| #include <pam/pam_appl.h>
configure:4360: result: no
configure:4393: checking for pam/pam_appl.h
configure:4401: result: no
configure:4284: checking paths.h usability
configure:4301: gcc -c -g -O2  conftest.c >&5
configure:4307: $? = 0
configure:4321: result: yes
configure:4325: checking paths.h presence
configure:4340: gcc -E  conftest.c
configure:4346: $? = 0
configure:4360: result: yes
configure:4393: checking for paths.h
configure:4401: result: yes
configure:4284: checking pty.h usability
configure:4301: gcc -c -g -O2  conftest.c >&5
configure:4307: $? = 0
configure:4321: result: yes
configure:4325: checking pty.h presence
configure:4340: gcc -E  conftest.c
configure:4346: $? = 0
configure:4360: result: yes
configure:4393: checking for pty.h
configure:4401: result: yes
configure:4284: checking security/pam_appl.h usability
configure:4301: gcc -c -g -O2  conftest.c >&5
configure:4307: $? = 0
configure:4321: result: yes
configure:4325: checking security/pam_appl.h presence
configure:4340: gcc -E  conftest.c
configure:4346: $? = 0
configure:4360: result: yes
configure:4393: checking for security/pam_appl.h
configure:4401: result: yes
configure:4284: checking selinux/selinux.h usability
configure:4301: gcc -c -g -O2  conftest.c >&5
configure:4307: $? = 0
configure:4321: result: yes
configure:4325: checking selinux/selinux.h presence
configure:4340: gcc -E  conftest.c
configure:4346: $? = 0
configure:4360: result: yes
configure:4393: checking for selinux/selinux.h
configure:4401: result: yes
configure:4284: checking stddef.h usability
configure:4301: gcc -c -g -O2  conftest.c >&5
configure:4307: $? = 0
configure:4321: result: yes
configure:4325: checking stddef.h presence
configure:4340: gcc -E  conftest.c
configure:4346: $? = 0
configure:4360: result: yes
configure:4393: checking for stddef.h
configure:4401: result: yes
configure:4274: checking for stdint.h
configure:4280: result: yes
configure:4284: checking sys/audit.h usability
configure:4301: gcc -c -g -O2  conftest.c >&5
conftest.c:64:23: error: sys/audit.h: No such file or directory
configure:4307: $? = 1
configure: failed program was:
| /* confdefs.h.  */
| #define PACKAGE_NAME "vixie-cron"
| #define PACKAGE_TARNAME "vixie-cron"
| #define PACKAGE_VERSION "4.3"
| #define PACKAGE_STRING "vixie-cron 4.3"
| #define PACKAGE_BUGREPORT "mmaslano@redhat.com"
| #define PACKAGE "vixie-cron"
| #define VERSION "4.3"
| #define STDC_HEADERS 1
| #define HAVE_SYS_TYPES_H 1
| #define HAVE_SYS_STAT_H 1
| #define HAVE_STDLIB_H 1
| #define HAVE_STRING_H 1
| #define HAVE_MEMORY_H 1
| #define HAVE_STRINGS_H 1
| #define HAVE_INTTYPES_H 1
| #define HAVE_STDINT_H 1
| #define HAVE_UNISTD_H 1
| #define HAVE_DIRENT_H 1
| #define HAVE_FCNTL_H 1
| #define HAVE_GETOPT_H 1
| #define HAVE_GLOB_H 1
| #define HAVE_LIMITS_H 1
| #define HAVE_PATHS_H 1
| #define HAVE_PTY_H 1
| #define HAVE_SECURITY_PAM_APPL_H 1
| #define HAVE_SELINUX_SELINUX_H 1
| #define HAVE_STDDEF_H 1
| #define HAVE_STDINT_H 1
| /* end confdefs.h.  */
| #include <stdio.h>
| #ifdef HAVE_SYS_TYPES_H
| # include <sys/types.h>
| #endif
| #ifdef HAVE_SYS_STAT_H
| # include <sys/stat.h>
| #endif
| #ifdef STDC_HEADERS
| # include <stdlib.h>
| # include <stddef.h>
| #else
| # ifdef HAVE_STDLIB_H
| #  include <stdlib.h>
| # endif
| #endif
| #ifdef HAVE_STRING_H
| # if !defined STDC_HEADERS && defined HAVE_MEMORY_H
| #  include <memory.h>
| # endif
| # include <string.h>
| #endif
| #ifdef HAVE_STRINGS_H
| # include <strings.h>
| #endif
| #ifdef HAVE_INTTYPES_H
| # include <inttypes.h>
| #endif
| #ifdef HAVE_STDINT_H
| # include <stdint.h>
| #endif
| #ifdef HAVE_UNISTD_H
| # include <unistd.h>
| #endif
| #include <sys/audit.h>
configure:4321: result: no
configure:4325: checking sys/audit.h presence
configure:4340: gcc -E  conftest.c
conftest.c:31:23: error: sys/audit.h: No such file or directory
configure:4346: $? = 1
configure: failed program was:
| /* confdefs.h.  */
| #define PACKAGE_NAME "vixie-cron"
| #define PACKAGE_TARNAME "vixie-cron"
| #define PACKAGE_VERSION "4.3"
| #define PACKAGE_STRING "vixie-cron 4.3"
| #define PACKAGE_BUGREPORT "mmaslano@redhat.com"
| #define PACKAGE "vixie-cron"
| #define VERSION "4.3"
| #define STDC_HEADERS 1
| #define HAVE_SYS_TYPES_H 1
| #define HAVE_SYS_STAT_H 1
| #define HAVE_STDLIB_H 1
| #define HAVE_STRING_H 1
| #define HAVE_MEMORY_H 1
| #define HAVE_STRINGS_H 1
| #define HAVE_INTTYPES_H 1
| #define HAVE_STDINT_H 1
| #define HAVE_UNISTD_H 1
| #define HAVE_DIRENT_H 1
| #define HAVE_FCNTL_H 1
| #define HAVE_GETOPT_H 1
| #define HAVE_GLOB_H 1
| #define HAVE_LIMITS_H 1
| #define HAVE_PATHS_H 1
| #define HAVE_PTY_H 1
| #define HAVE_SECURITY_PAM_APPL_H 1
| #define HAVE_SELINUX_SELINUX_H 1
| #define HAVE_STDDEF_H 1
| #define HAVE_STDINT_H 1
| /* end confdefs.h.  */
| #include <sys/audit.h>
configure:4360: result: no
configure:4393: checking for sys/audit.h
configure:4401: result: no
configure:4274: checking for sys/stat.h
configure:4280: result: yes
configure:4284: checking sys/stream.h usability
configure:4301: gcc -c -g -O2  conftest.c >&5
conftest.c:65:24: error: sys/stream.h: No such file or directory
configure:4307: $? = 1
configure: failed program was:
| /* confdefs.h.  */
| #define PACKAGE_NAME "vixie-cron"
| #define PACKAGE_TARNAME "vixie-cron"
| #define PACKAGE_VERSION "4.3"
| #define PACKAGE_STRING "vixie-cron 4.3"
| #define PACKAGE_BUGREPORT "mmaslano@redhat.com"
| #define PACKAGE "vixie-cron"
| #define VERSION "4.3"
| #define STDC_HEADERS 1
| #define HAVE_SYS_TYPES_H 1
| #define HAVE_SYS_STAT_H 1
| #define HAVE_STDLIB_H 1
| #define HAVE_STRING_H 1
| #define HAVE_MEMORY_H 1
| #define HAVE_STRINGS_H 1
| #define HAVE_INTTYPES_H 1
| #define HAVE_STDINT_H 1
| #define HAVE_UNISTD_H 1
| #define HAVE_DIRENT_H 1
| #define HAVE_FCNTL_H 1
| #define HAVE_GETOPT_H 1
| #define HAVE_GLOB_H 1
| #define HAVE_LIMITS_H 1
| #define HAVE_PATHS_H 1
| #define HAVE_PTY_H 1
| #define HAVE_SECURITY_PAM_APPL_H 1
| #define HAVE_SELINUX_SELINUX_H 1
| #define HAVE_STDDEF_H 1
| #define HAVE_STDINT_H 1
| #define HAVE_SYS_STAT_H 1
| /* end confdefs.h.  */
| #include <stdio.h>
| #ifdef HAVE_SYS_TYPES_H
| # include <sys/types.h>
| #endif
| #ifdef HAVE_SYS_STAT_H
| # include <sys/stat.h>
| #endif
| #ifdef STDC_HEADERS
| # include <stdlib.h>
| # include <stddef.h>
| #else
| # ifdef HAVE_STDLIB_H
| #  include <stdlib.h>
| # endif
| #endif
| #ifdef HAVE_STRING_H
| # if !defined STDC_HEADERS && defined HAVE_MEMORY_H
| #  include <memory.h>
| # endif
| # include <string.h>
| #endif
| #ifdef HAVE_STRINGS_H
| # include <strings.h>
| #endif
| #ifdef HAVE_INTTYPES_H
| # include <inttypes.h>
| #endif
| #ifdef HAVE_STDINT_H
| # include <stdint.h>
| #endif
| #ifdef HAVE_UNISTD_H
| # include <unistd.h>
| #endif
| #include <sys/stream.h>
configure:4321: result: no
configure:4325: checking sys/stream.h presence
configure:4340: gcc -E  conftest.c
conftest.c:32:24: error: sys/stream.h: No such file or directory
configure:4346: $? = 1
configure: failed program was:
| /* confdefs.h.  */
| #define PACKAGE_NAME "vixie-cron"
| #define PACKAGE_TARNAME "vixie-cron"
| #define PACKAGE_VERSION "4.3"
| #define PACKAGE_STRING "vixie-cron 4.3"
| #define PACKAGE_BUGREPORT "mmaslano@redhat.com"
| #define PACKAGE "vixie-cron"
| #define VERSION "4.3"
| #define STDC_HEADERS 1
| #define HAVE_SYS_TYPES_H 1
| #define HAVE_SYS_STAT_H 1
| #define HAVE_STDLIB_H 1
| #define HAVE_STRING_H 1
| #define HAVE_MEMORY_H 1
| #define HAVE_STRINGS_H 1
| #define HAVE_INTTYPES_H 1
| #define HAVE_STDINT_H 1
| #define HAVE_UNISTD_H 1
| #define HAVE_DIRENT_H 1
| #define HAVE_FCNTL_H 1
| #define HAVE_GETOPT_H 1
| #define HAVE_GLOB_H 1
| #define HAVE_LIMITS_H 1
| #define HAVE_PATHS_H 1
| #define HAVE_PTY_H 1
| #define HAVE_SECURITY_PAM_APPL_H 1
| #define HAVE_SELINUX_SELINUX_H 1
| #define HAVE_STDDEF_H 1
| #define HAVE_STDINT_H 1
| #define HAVE_SYS_STAT_H 1
| /* end confdefs.h.  */
| #include <sys/stream.h>
configure:4360: result: no
configure:4393: checking for sys/stream.h
configure:4401: result: no
configure:4284: checking sys/stropts.h usability
configure:4301: gcc -c -g -O2  conftest.c >&5
configure:4307: $? = 0
configure:4321: result: yes
configure:4325: checking sys/stropts.h presence
configure:4340: gcc -E  conftest.c
configure:4346: $? = 0
configure:4360: result: yes
configure:4393: checking for sys/stropts.h
configure:4401: result: yes
configure:4284: checking sys/time.h usability
configure:4301: gcc -c -g -O2  conftest.c >&5
configure:4307: $? = 0
configure:4321: result: yes
configure:4325: checking sys/time.h presence
configure:4340: gcc -E  conftest.c
configure:4346: $? = 0
configure:4360: result: yes
configure:4393: checking for sys/time.h
configure:4401: result: yes
configure:4284: checking sys/timers.h usability
configure:4301: gcc -c -g -O2  conftest.c >&5
conftest.c:67:24: error: sys/timers.h: No such file or directory
configure:4307: $? = 1
configure: failed program was:
| /* confdefs.h.  */
| #define PACKAGE_NAME "vixie-cron"
| #define PACKAGE_TARNAME "vixie-cron"
| #define PACKAGE_VERSION "4.3"
| #define PACKAGE_STRING "vixie-cron 4.3"
| #define PACKAGE_BUGREPORT "mmaslano@redhat.com"
| #define PACKAGE "vixie-cron"
| #define VERSION "4.3"
| #define STDC_HEADERS 1
| #define HAVE_SYS_TYPES_H 1
| #define HAVE_SYS_STAT_H 1
| #define HAVE_STDLIB_H 1
| #define HAVE_STRING_H 1
| #define HAVE_MEMORY_H 1
| #define HAVE_STRINGS_H 1
| #define HAVE_INTTYPES_H 1
| #define HAVE_STDINT_H 1
| #define HAVE_UNISTD_H 1
| #define HAVE_DIRENT_H 1
| #define HAVE_FCNTL_H 1
| #define HAVE_GETOPT_H 1
| #define HAVE_GLOB_H 1
| #define HAVE_LIMITS_H 1
| #define HAVE_PATHS_H 1
| #define HAVE_PTY_H 1
| #define HAVE_SECURITY_PAM_APPL_H 1
| #define HAVE_SELINUX_SELINUX_H 1
| #define HAVE_STDDEF_H 1
| #define HAVE_STDINT_H 1
| #define HAVE_SYS_STAT_H 1
| #define HAVE_SYS_STROPTS_H 1
| #define HAVE_SYS_TIME_H 1
| /* end confdefs.h.  */
| #include <stdio.h>
| #ifdef HAVE_SYS_TYPES_H
| # include <sys/types.h>
| #endif
| #ifdef HAVE_SYS_STAT_H
| # include <sys/stat.h>
| #endif
| #ifdef STDC_HEADERS
| # include <stdlib.h>
| # include <stddef.h>
| #else
| # ifdef HAVE_STDLIB_H
| #  include <stdlib.h>
| # endif
| #endif
| #ifdef HAVE_STRING_H
| # if !defined STDC_HEADERS && defined HAVE_MEMORY_H
| #  include <memory.h>
| # endif
| # include <string.h>
| #endif
| #ifdef HAVE_STRINGS_H
| # include <strings.h>
| #endif
| #ifdef HAVE_INTTYPES_H
| # include <inttypes.h>
| #endif
| #ifdef HAVE_STDINT_H
| # include <stdint.h>
| #endif
| #ifdef HAVE_UNISTD_H
| # include <unistd.h>
| #endif
| #include <sys/timers.h>
configure:4321: result: no
configure:4325: checking sys/timers.h presence
configure:4340: gcc -E  conftest.c
conftest.c:34:24: error: sys/timers.h: No such file or directory
configure:4346: $? = 1
configure: failed program was:
| /* confdefs.h.  */
| #define PACKAGE_NAME "vixie-cron"
| #define PACKAGE_TARNAME "vixie-cron"
| #define PACKAGE_VERSION "4.3"
| #define PACKAGE_STRING "vixie-cron 4.3"
| #define PACKAGE_BUGREPORT "mmaslano@redhat.com"
| #define PACKAGE "vixie-cron"
| #define VERSION "4.3"
| #define STDC_HEADERS 1
| #define HAVE_SYS_TYPES_H 1
| #define HAVE_SYS_STAT_H 1
| #define HAVE_STDLIB_H 1
| #define HAVE_STRING_H 1
| #define HAVE_MEMORY_H 1
| #define HAVE_STRINGS_H 1
| #define HAVE_INTTYPES_H 1
| #define HAVE_STDINT_H 1
| #define HAVE_UNISTD_H 1
| #define HAVE_DIRENT_H 1
| #define HAVE_FCNTL_H 1
| #define HAVE_GETOPT_H 1
| #define HAVE_GLOB_H 1
| #define HAVE_LIMITS_H 1
| #define HAVE_PATHS_H 1
| #define HAVE_PTY_H 1
| #define HAVE_SECURITY_PAM_APPL_H 1
| #define HAVE_SELINUX_SELINUX_H 1
| #define HAVE_STDDEF_H 1
| #define HAVE_STDINT_H 1
| #define HAVE_SYS_STAT_H 1
| #define HAVE_SYS_STROPTS_H 1
| #define HAVE_SYS_TIME_H 1
| /* end confdefs.h.  */
| #include <sys/timers.h>
configure:4360: result: no
configure:4393: checking for sys/timers.h
configure:4401: result: no
configure:4274: checking for sys/types.h
configure:4280: result: yes
configure:4284: checking time.h usability
configure:4301: gcc -c -g -O2  conftest.c >&5
configure:4307: $? = 0
configure:4321: result: yes
configure:4325: checking time.h presence
configure:4340: gcc -E  conftest.c
configure:4346: $? = 0
configure:4360: result: yes
configure:4393: checking for time.h
configure:4401: result: yes
configure:4274: checking for unistd.h
configure:4280: result: yes
configure:4284: checking util.h usability
configure:4301: gcc -c -g -O2  conftest.c >&5
conftest.c:70:18: error: util.h: No such file or directory
configure:4307: $? = 1
configure: failed program was:
| /* confdefs.h.  */
| #define PACKAGE_NAME "vixie-cron"
| #define PACKAGE_TARNAME "vixie-cron"
| #define PACKAGE_VERSION "4.3"
| #define PACKAGE_STRING "vixie-cron 4.3"
| #define PACKAGE_BUGREPORT "mmaslano@redhat.com"
| #define PACKAGE "vixie-cron"
| #define VERSION "4.3"
| #define STDC_HEADERS 1
| #define HAVE_SYS_TYPES_H 1
| #define HAVE_SYS_STAT_H 1
| #define HAVE_STDLIB_H 1
| #define HAVE_STRING_H 1
| #define HAVE_MEMORY_H 1
| #define HAVE_STRINGS_H 1
| #define HAVE_INTTYPES_H 1
| #define HAVE_STDINT_H 1
| #define HAVE_UNISTD_H 1
| #define HAVE_DIRENT_H 1
| #define HAVE_FCNTL_H 1
| #define HAVE_GETOPT_H 1
| #define HAVE_GLOB_H 1
| #define HAVE_LIMITS_H 1
| #define HAVE_PATHS_H 1
| #define HAVE_PTY_H 1
| #define HAVE_SECURITY_PAM_APPL_H 1
| #define HAVE_SELINUX_SELINUX_H 1
| #define HAVE_STDDEF_H 1
| #define HAVE_STDINT_H 1
| #define HAVE_SYS_STAT_H 1
| #define HAVE_SYS_STROPTS_H 1
| #define HAVE_SYS_TIME_H 1
| #define HAVE_SYS_TYPES_H 1
| #define HAVE_TIME_H 1
| #define HAVE_UNISTD_H 1
| /* end confdefs.h.  */
| #include <stdio.h>
| #ifdef HAVE_SYS_TYPES_H
| # include <sys/types.h>
| #endif
| #ifdef HAVE_SYS_STAT_H
| # include <sys/stat.h>
| #endif
| #ifdef STDC_HEADERS
| # include <stdlib.h>
| # include <stddef.h>
| #else
| # ifdef HAVE_STDLIB_H
| #  include <stdlib.h>
| # endif
| #endif
| #ifdef HAVE_STRING_H
| # if !defined STDC_HEADERS && defined HAVE_MEMORY_H
| #  include <memory.h>
| # endif
| # include <string.h>
| #endif
| #ifdef HAVE_STRINGS_H
| # include <strings.h>
| #endif
| #ifdef HAVE_INTTYPES_H
| # include <inttypes.h>
| #endif
| #ifdef HAVE_STDINT_H
| # include <stdint.h>
| #endif
| #ifdef HAVE_UNISTD_H
| # include <unistd.h>
| #endif
| #include <util.h>
configure:4321: result: no
configure:4325: checking util.h presence
configure:4340: gcc -E  conftest.c
conftest.c:37:18: error: util.h: No such file or directory
configure:4346: $? = 1
configure: failed program was:
| /* confdefs.h.  */
| #define PACKAGE_NAME "vixie-cron"
| #define PACKAGE_TARNAME "vixie-cron"
| #define PACKAGE_VERSION "4.3"
| #define PACKAGE_STRING "vixie-cron 4.3"
| #define PACKAGE_BUGREPORT "mmaslano@redhat.com"
| #define PACKAGE "vixie-cron"
| #define VERSION "4.3"
| #define STDC_HEADERS 1
| #define HAVE_SYS_TYPES_H 1
| #define HAVE_SYS_STAT_H 1
| #define HAVE_STDLIB_H 1
| #define HAVE_STRING_H 1
| #define HAVE_MEMORY_H 1
| #define HAVE_STRINGS_H 1
| #define HAVE_INTTYPES_H 1
| #define HAVE_STDINT_H 1
| #define HAVE_UNISTD_H 1
| #define HAVE_DIRENT_H 1
| #define HAVE_FCNTL_H 1
| #define HAVE_GETOPT_H 1
| #define HAVE_GLOB_H 1
| #define HAVE_LIMITS_H 1
| #define HAVE_PATHS_H 1
| #define HAVE_PTY_H 1
| #define HAVE_SECURITY_PAM_APPL_H 1
| #define HAVE_SELINUX_SELINUX_H 1
| #define HAVE_STDDEF_H 1
| #define HAVE_STDINT_H 1
| #define HAVE_SYS_STAT_H 1
| #define HAVE_SYS_STROPTS_H 1
| #define HAVE_SYS_TIME_H 1
| #define HAVE_SYS_TYPES_H 1
| #define HAVE_TIME_H 1
| #define HAVE_UNISTD_H 1
| /* end confdefs.h.  */
| #include <util.h>
configure:4360: result: no
configure:4393: checking for util.h
configure:4401: result: no
configure:4284: checking utime.h usability
configure:4301: gcc -c -g -O2  conftest.c >&5
configure:4307: $? = 0
configure:4321: result: yes
configure:4325: checking utime.h presence
configure:4340: gcc -E  conftest.c
configure:4346: $? = 0
configure:4360: result: yes
configure:4393: checking for utime.h
configure:4401: result: yes
configure:4415: checking for an ANSI C-conforming const
configure:4490: gcc -c -g -O2  conftest.c >&5
configure:4496: $? = 0
configure:4511: result: yes
configure:4521: checking return type of signal handlers
configure:4549: gcc -c -g -O2  conftest.c >&5
conftest.c: In function 'main':
conftest.c:44: error: void value not ignored as it ought to be
configure:4555: $? = 1
configure: failed program was:
| /* confdefs.h.  */
| #define PACKAGE_NAME "vixie-cron"
| #define PACKAGE_TARNAME "vixie-cron"
| #define PACKAGE_VERSION "4.3"
| #define PACKAGE_STRING "vixie-cron 4.3"
| #define PACKAGE_BUGREPORT "mmaslano@redhat.com"
| #define PACKAGE "vixie-cron"
| #define VERSION "4.3"
| #define STDC_HEADERS 1
| #define HAVE_SYS_TYPES_H 1
| #define HAVE_SYS_STAT_H 1
| #define HAVE_STDLIB_H 1
| #define HAVE_STRING_H 1
| #define HAVE_MEMORY_H 1
| #define HAVE_STRINGS_H 1
| #define HAVE_INTTYPES_H 1
| #define HAVE_STDINT_H 1
| #define HAVE_UNISTD_H 1
| #define HAVE_DIRENT_H 1
| #define HAVE_FCNTL_H 1
| #define HAVE_GETOPT_H 1
| #define HAVE_GLOB_H 1
| #define HAVE_LIMITS_H 1
| #define HAVE_PATHS_H 1
| #define HAVE_PTY_H 1
| #define HAVE_SECURITY_PAM_APPL_H 1
| #define HAVE_SELINUX_SELINUX_H 1
| #define HAVE_STDDEF_H 1
| #define HAVE_STDINT_H 1
| #define HAVE_SYS_STAT_H 1
| #define HAVE_SYS_STROPTS_H 1
| #define HAVE_SYS_TIME_H 1
| #define HAVE_SYS_TYPES_H 1
| #define HAVE_TIME_H 1
| #define HAVE_UNISTD_H 1
| #define HAVE_UTIME_H 1
| /* end confdefs.h.  */
| #include <sys/types.h>
| #include <signal.h>
| 
| int
| main ()
| {
| return *(signal (0, 0)) (0) == 1;
|   ;
|   return 0;
| }
configure:4570: result: void
configure:4578: checking for uid_t in sys/types.h
configure:4601: result: yes
configure:4616: checking for mode_t
configure:4646: gcc -c -g -O2  conftest.c >&5
configure:4652: $? = 0
configure:4667: result: yes
configure:4679: checking for off_t
configure:4709: gcc -c -g -O2  conftest.c >&5
configure:4715: $? = 0
configure:4730: result: yes
configure:4742: checking for pid_t
configure:4772: gcc -c -g -O2  conftest.c >&5
configure:4778: $? = 0
configure:4793: result: yes
configure:4805: checking for size_t
configure:4835: gcc -c -g -O2  conftest.c >&5
configure:4841: $? = 0
configure:4856: result: yes
configure:4868: checking whether struct tm is in sys/time.h or time.h
configure:4898: gcc -c -g -O2  conftest.c >&5
configure:4904: $? = 0
configure:4919: result: time.h
configure:4932: checking etcdir
configure:4956: result: /etc
configure:4963: checking username to run under
configure:4987: result: daemon
configure:4994: checking groupname to run under
configure:5018: result: daemon
configure:6074: creating ./config.status

## ---------------------- ##
## Running config.status. ##
## ---------------------- ##

This file was extended by vixie-cron config.status 4.3, which was
generated by GNU Autoconf 2.61.  Invocation command line was

  CONFIG_FILES    = 
  CONFIG_HEADERS  = 
  CONFIG_LINKS    = 
  CONFIG_COMMANDS = 
  $ ./config.status 

on caladan.englab.brq.redhat.com

config.status:663: creating Makefile
config.status:663: creating src/Makefile
config.status:663: creating man/Makefile
config.status:663: creating man/bitstring.3
config.status:663: creating man/cron.8
config.status:663: creating man/crontab.1
config.status:663: creating man/crontab.5
config.status:663: creating config.h
config.status:960: executing depfiles commands
configure:7411: === configuring in src (/home/marca/Desktop/vixie-cron/src)
configure:7500: WARNING: no configuration information is in src

## ---------------- ##
## Cache variables. ##
## ---------------- ##

ac_cv_build=i686-pc-linux-gnu
ac_cv_c_compiler_gnu=yes
ac_cv_c_const=yes
ac_cv_env_CC_set=
ac_cv_env_CC_value=
ac_cv_env_CFLAGS_set=
ac_cv_env_CFLAGS_value=
ac_cv_env_CPPFLAGS_set=
ac_cv_env_CPPFLAGS_value=
ac_cv_env_CPP_set=
ac_cv_env_CPP_value=
ac_cv_env_LDFLAGS_set=
ac_cv_env_LDFLAGS_value=
ac_cv_env_LIBS_set=
ac_cv_env_LIBS_value=
ac_cv_env_build_alias_set=
ac_cv_env_build_alias_value=
ac_cv_env_host_alias_set=
ac_cv_env_host_alias_value=
ac_cv_env_target_alias_set=
ac_cv_env_target_alias_value=
ac_cv_header_dirent_h=yes
ac_cv_header_fcntl_h=yes
ac_cv_header_getopt_h=yes
ac_cv_header_glob_h=yes
ac_cv_header_inttypes_h=yes
ac_cv_header_limits_h=yes
ac_cv_header_memory_h=yes
ac_cv_header_pam_pam_appl_h=no
ac_cv_header_paths_h=yes
ac_cv_header_pty_h=yes
ac_cv_header_security_pam_appl_h=yes
ac_cv_header_selinux_selinux_h=yes
ac_cv_header_stdc=yes
ac_cv_header_stddef_h=yes
ac_cv_header_stdint_h=yes
ac_cv_header_stdlib_h=yes
ac_cv_header_string_h=yes
ac_cv_header_strings_h=yes
ac_cv_header_sys_audit_h=no
ac_cv_header_sys_stat_h=yes
ac_cv_header_sys_stream_h=no
ac_cv_header_sys_stropts_h=yes
ac_cv_header_sys_time_h=yes
ac_cv_header_sys_timers_h=no
ac_cv_header_sys_types_h=yes
ac_cv_header_time_h=yes
ac_cv_header_unistd_h=yes
ac_cv_header_util_h=no
ac_cv_header_utime_h=yes
ac_cv_host=i686-pc-linux-gnu
ac_cv_objext=o
ac_cv_path_EGREP='/bin/grep -E'
ac_cv_path_GREP=/bin/grep
ac_cv_path_install='/usr/bin/install -c'
ac_cv_path_mkdir=/bin/mkdir
ac_cv_prog_AWK=gawk
ac_cv_prog_CPP='gcc -E'
ac_cv_prog_ac_ct_CC=gcc
ac_cv_prog_cc_c89=
ac_cv_prog_cc_g=yes
ac_cv_prog_make_make_set=yes
ac_cv_struct_tm=time.h
ac_cv_type_mode_t=yes
ac_cv_type_off_t=yes
ac_cv_type_pid_t=yes
ac_cv_type_signal=void
ac_cv_type_size_t=yes
ac_cv_type_uid_t=yes
am_cv_CC_dependencies_compiler_type=gcc3

## ----------------- ##
## Output variables. ##
## ----------------- ##

ACLOCAL='${SHELL} /home/marca/Desktop/vixie-cron/missing --run aclocal-1.10'
AMDEPBACKSLASH='\'
AMDEP_FALSE='#'
AMDEP_TRUE=''
AMTAR='${SHELL} /home/marca/Desktop/vixie-cron/missing --run tar'
AUTOCONF='${SHELL} /home/marca/Desktop/vixie-cron/missing --run autoconf'
AUTOHEADER='${SHELL} /home/marca/Desktop/vixie-cron/missing --run autoheader'
AUTOMAKE='${SHELL} /home/marca/Desktop/vixie-cron/missing --run automake-1.10'
AWK='gawk'
CC='gcc'
CCDEPMODE='depmode=gcc3'
CFLAGS='-g -O2'
CPP='gcc -E'
CPPFLAGS=''
CYGPATH_W='echo'
DAEMON_GROUPNAME='daemon'
DAEMON_USERNAME='daemon'
DEBUG_FALSE=''
DEBUG_TRUE='#'
DEFS='-DHAVE_CONFIG_H'
DEPDIR='.deps'
ECHO_C=''
ECHO_N='-n'
ECHO_T=''
EGREP='/bin/grep -E'
ETCDIR='/etc'
EXEEXT=''
GREP='/bin/grep'
INSTALL_DATA='${INSTALL} -m 644'
INSTALL_PROGRAM='${INSTALL}'
INSTALL_SCRIPT='${INSTALL}'
INSTALL_STRIP_PROGRAM='$(install_sh) -c -s'
LDFLAGS=''
LIBAUDIT=''
LIBOBJS=''
LIBPAM=''
LIBS=''
LIBSELINUX=''
LN_S='ln -s'
LTLIBOBJS=''
MAKEINFO='${SHELL} /home/marca/Desktop/vixie-cron/missing --run makeinfo'
OBJEXT='o'
PACKAGE='vixie-cron'
PACKAGE_BUGREPORT='mmaslano@redhat.com'
PACKAGE_NAME='vixie-cron'
PACKAGE_STRING='vixie-cron 4.3'
PACKAGE_TARNAME='vixie-cron'
PACKAGE_VERSION='4.3'
PATH_SEPARATOR=':'
SET_MAKE=''
SHELL='/bin/sh'
STRIP=''
VERSION='4.3'
ac_ct_CC='gcc'
am__fastdepCC_FALSE='#'
am__fastdepCC_TRUE=''
am__include='include'
am__isrc=''
am__leading_dot='.'
am__quote=''
am__tar='${AMTAR} chof - "$$tardir"'
am__untar='${AMTAR} xf -'
bindir='${exec_prefix}/bin'
build='i686-pc-linux-gnu'
build_alias=''
build_cpu='i686'
build_os='linux-gnu'
build_vendor='pc'
datadir='${datarootdir}'
datarootdir='${prefix}/share'
docdir='${datarootdir}/doc/cron/'
dvidir='${docdir}'
exec_prefix='${prefix}'
host='i686-pc-linux-gnu'
host_alias=''
host_cpu='i686'
host_os='linux-gnu'
host_vendor='pc'
htmldir='${docdir}'
includedir='${prefix}/include'
infodir='${datarootdir}/info'
install_sh='$(SHELL) /home/marca/Desktop/vixie-cron/install-sh'
libdir='${exec_prefix}/lib'
libexecdir='${exec_prefix}/libexec'
localedir='${datarootdir}/locale'
localstatedir='${prefix}/var'
mandir='${datarootdir}/man'
mkdir_p='/bin/mkdir -p'
oldincludedir='/usr/include'
pamdir='${prefix}/etc/pam.d'
pdfdir='${docdir}'
prefix='/usr/local'
program_transform_name='s,x,x,'
psdir='${docdir}'
sbindir='${exec_prefix}/sbin'
sharedstatedir='${prefix}/com'
subdirs=' src'
sysconfdir='${prefix}/etc'
target_alias=''

## ----------- ##
## confdefs.h. ##
## ----------- ##

#define PACKAGE_NAME "vixie-cron"
#define PACKAGE_TARNAME "vixie-cron"
#define PACKAGE_VERSION "4.3"
#define PACKAGE_STRING "vixie-cron 4.3"
#define PACKAGE_BUGREPORT "mmaslano@redhat.com"
#define PACKAGE "vixie-cron"
#define VERSION "4.3"
#define STDC_HEADERS 1
#define HAVE_SYS_TYPES_H 1
#define HAVE_SYS_STAT_H 1
#define HAVE_STDLIB_H 1
#define HAVE_STRING_H 1
#define HAVE_MEMORY_H 1
#define HAVE_STRINGS_H 1
#define HAVE_INTTYPES_H 1
#define HAVE_STDINT_H 1
#define HAVE_UNISTD_H 1
#define HAVE_DIRENT_H 1
#define HAVE_FCNTL_H 1
#define HAVE_GETOPT_H 1
#define HAVE_GLOB_H 1
#define HAVE_LIMITS_H 1
#define HAVE_PATHS_H 1
#define HAVE_PTY_H 1
#define HAVE_SECURITY_PAM_APPL_H 1
#define HAVE_SELINUX_SELINUX_H 1
#define HAVE_STDDEF_H 1
#define HAVE_STDINT_H 1
#define HAVE_SYS_STAT_H 1
#define HAVE_SYS_STROPTS_H 1
#define HAVE_SYS_TIME_H 1
#define HAVE_SYS_TYPES_H 1
#define HAVE_TIME_H 1
#define HAVE_UNISTD_H 1
#define HAVE_UTIME_H 1
#define RETSIGTYPE void
#define DEBUGGING 1
#define MAILARG "/usr/sbin/sendmail"
#define MAILFMT "%s -FCronDaemon -i -odi -oem -oi -t"
#define SYSLOG 1
#define CAPITALIZE_FOR_PS 0
#define HAVE_TM_GMTOFF 0

configure: exit 0
